TN:
SF:src\App.tsx
FN:11,App
FNF:1
FNH:1
FNDA:1,App
DA:1,1
DA:4,1
DA:5,1
DA:7,1
DA:8,1
DA:12,1
DA:24,1
LF:7
LH:7
BRF:0
BRH:0
end_of_record
TN:
SF:src\assets\image\index.ts
FNF:0
FNH:0
DA:1,1
DA:2,1
DA:3,1
DA:4,1
DA:5,1
DA:7,1
LF:6
LH:6
BRF:0
BRH:0
end_of_record
TN:
SF:src\components\ExcelDownloadButton.tsx
FN:4,(anonymous_6)
FN:5,(anonymous_7)
FNF:2
FNH:1
FNDA:10,(anonymous_6)
FNDA:0,(anonymous_7)
DA:1,5
DA:2,5
DA:4,5
DA:5,10
DA:7,0
DA:10,0
DA:11,0
DA:14,0
DA:17,10
DA:24,5
LF:10
LH:6
BRDA:4,0,0,0
BRDA:4,1,0,10
BRF:2
BRH:1
end_of_record
TN:
SF:src\components\Header.tsx
FN:13,(anonymous_1)
FN:14,(anonymous_2)
FN:21,(anonymous_3)
FN:34,Header
FNF:4
FNH:4
FNDA:4,(anonymous_1)
FNDA:1,(anonymous_2)
FNDA:1,(anonymous_3)
FNDA:1,Header
DA:1,1
DA:2,1
DA:3,1
DA:4,1
DA:5,1
DA:6,1
DA:12,1
DA:13,4
DA:14,1
DA:21,1
DA:35,1
DA:65,1
LF:12
LH:12
BRDA:44,0,0,1
BRDA:44,0,1,0
BRF:2
BRH:1
end_of_record
TN:
SF:src\components\Main.tsx
FN:7,(anonymous_0)
FN:9,(anonymous_1)
FN:21,(anonymous_2)
FN:33,Main
FNF:4
FNH:4
FNDA:4,(anonymous_0)
FNDA:1,(anonymous_1)
FNDA:1,(anonymous_2)
FNDA:1,Main
DA:1,1
DA:2,1
DA:3,1
DA:4,1
DA:5,1
DA:7,4
DA:9,1
DA:21,1
DA:34,1
DA:42,1
LF:10
LH:10
BRF:0
BRH:0
end_of_record
TN:
SF:src\components\CustomTable\CustomTableContainer.tsx
FN:13,(anonymous_6)
FN:14,(anonymous_7)
FN:18,(anonymous_8)
FN:23,(anonymous_9)
FN:29,(anonymous_10)
FN:31,(anonymous_11)
FNF:6
FNH:4
FNDA:0,(anonymous_6)
FNDA:0,(anonymous_7)
FNDA:45,(anonymous_8)
FNDA:10,(anonymous_9)
FNDA:10,(anonymous_10)
FNDA:10,(anonymous_11)
DA:1,5
DA:2,5
DA:3,5
DA:5,5
DA:13,0
DA:15,0
DA:18,45
DA:23,5
DA:24,10
DA:29,10
DA:31,10
DA:33,10
LF:12
LH:10
BRDA:18,0,0,45
BRDA:18,0,1,0
BRDA:29,1,0,0
BRDA:29,1,1,10
BRDA:29,2,0,10
BRDA:29,2,1,0
BRF:6
BRH:3
end_of_record
TN:
SF:src\components\CustomTable\index.tsx
FNF:0
FNH:0
DA:1,5
DA:3,5
LF:2
LH:2
BRF:0
BRH:0
end_of_record
TN:
SF:src\components\Sidebar\SidebarContainer.tsx
FN:4,SidebarContainer
FNF:1
FNH:1
FNDA:1,SidebarContainer
DA:1,1
DA:2,1
DA:5,1
DA:8,1
DA:11,1
LF:5
LH:5
BRF:0
BRH:0
end_of_record
TN:
SF:src\components\Sidebar\SidebarView.tsx
FN:13,(anonymous_1)
FN:22,SidebarView
FNF:2
FNH:2
FNDA:2,(anonymous_1)
FNDA:1,SidebarView
DA:1,1
DA:2,1
DA:3,1
DA:4,1
DA:5,1
DA:6,1
DA:7,1
DA:8,1
DA:9,1
DA:10,1
DA:11,1
DA:13,2
DA:23,1
DA:85,1
LF:14
LH:14
BRDA:39,0,0,0
BRDA:39,0,1,1
BRF:2
BRH:1
end_of_record
TN:
SF:src\components\Sidebar\index.tsx
FNF:0
FNH:0
DA:1,1
DA:3,1
LF:2
LH:2
BRF:0
BRH:0
end_of_record
TN:
SF:src\components\Skeleton\TableSkeleton.tsx
FN:3,TableSkeleton
FN:11,(anonymous_1)
FN:11,(anonymous_2)
FNF:3
FNH:3
FNDA:6,TableSkeleton
FNDA:30,(anonymous_1)
FNDA:30,(anonymous_2)
DA:1,3
DA:4,6
DA:6,6
DA:11,30
DA:12,30
DA:35,3
LF:6
LH:6
BRF:0
BRH:0
end_of_record
TN:
SF:src\components\Skeleton\index.tsx
FNF:0
FNH:0
DA:1,3
DA:3,3
LF:2
LH:2
BRF:0
BRH:0
end_of_record
TN:
SF:src\components\Snackbar\SnackbarProvider.tsx
FN:4,(anonymous_0)
FNF:1
FNH:1
FNDA:21,(anonymous_0)
DA:2,7
DA:4,7
DA:5,21
DA:10,7
LF:4
LH:4
BRF:0
BRH:0
end_of_record
TN:
SF:src\components\Snackbar\useSnackbar.tsx
FN:3,(anonymous_0)
FNF:1
FNH:1
FNDA:5,(anonymous_0)
DA:1,3
DA:3,3
DA:4,5
DA:5,5
DA:8,3
LF:5
LH:5
BRF:0
BRH:0
end_of_record
TN:
SF:src\config\CONSTANT.ts
FNF:0
FNH:0
DA:1,9
DA:2,9
DA:3,9
LF:3
LH:3
BRF:0
BRH:0
end_of_record
TN:
SF:src\contexts\AppProvider.tsx
FN:60,(anonymous_1)
FNF:1
FNH:1
FNDA:21,(anonymous_1)
DA:1,7
DA:4,7
DA:5,7
DA:6,7
DA:7,7
DA:8,7
DA:9,7
DA:22,7
DA:55,7
DA:60,7
DA:61,21
DA:68,7
LF:12
LH:12
BRF:0
BRH:0
end_of_record
TN:
SF:src\layouts\MainLayout.tsx
FN:10,MainLayout
FN:13,(anonymous_8)
FN:17,(anonymous_9)
FNF:3
FNH:1
FNDA:1,MainLayout
FNDA:0,(anonymous_8)
FNDA:0,(anonymous_9)
DA:1,1
DA:2,1
DA:3,1
DA:4,1
DA:5,1
DA:6,1
DA:8,1
DA:11,1
DA:13,1
DA:14,0
DA:17,1
DA:18,0
DA:21,1
DA:31,1
LF:14
LH:12
BRF:0
BRH:0
end_of_record
TN:
SF:src\navigation\CONSTANT.ts
FNF:0
FNH:0
DA:1,9
DA:2,9
DA:3,9
LF:3
LH:3
BRF:0
BRH:0
end_of_record
TN:
SF:src\navigation\RouterConfig.tsx
FN:11,(anonymous_1)
FNF:1
FNH:1
FNDA:1,(anonymous_1)
DA:1,1
DA:2,1
DA:3,1
DA:4,1
DA:5,1
DA:6,1
DA:7,1
DA:8,1
DA:9,1
DA:11,1
DA:12,1
LF:11
LH:11
BRF:0
BRH:0
end_of_record
TN:
SF:src\pages\Articles\ArticleDialog.tsx
FN:28,(anonymous_13)
FN:43,(anonymous_14)
FN:43,(anonymous_15)
FN:95,(anonymous_16)
FN:102,(anonymous_17)
FNF:5
FNH:5
FNDA:12,(anonymous_13)
FNDA:2,(anonymous_14)
FNDA:2,(anonymous_15)
FNDA:1,(anonymous_16)
FNDA:8,(anonymous_17)
DA:1,4
DA:2,4
DA:3,4
DA:4,4
DA:5,4
DA:22,4
DA:28,4
DA:35,12
DA:37,12
DA:43,12
DA:44,2
DA:45,2
DA:46,2
DA:47,2
DA:48,1
DA:49,1
DA:50,1
DA:51,0
DA:52,0
DA:53,1
DA:54,1
DA:55,1
DA:57,2
DA:59,0
DA:60,0
DA:64,12
DA:95,1
DA:103,8
DA:151,4
LF:29
LH:25
BRDA:37,0,0,12
BRDA:37,0,1,7
BRDA:44,1,0,0
BRDA:44,1,1,2
BRDA:47,2,0,1
BRDA:47,2,1,1
BRDA:50,3,0,0
BRDA:50,3,1,1
BRDA:53,4,0,1
BRDA:67,5,0,3
BRDA:67,5,1,9
BRDA:67,6,0,1
BRDA:67,6,1,8
BRDA:69,7,0,12
BRDA:69,7,1,1
BRDA:88,8,0,4
BRDA:88,8,1,8
BRDA:90,9,0,0
BRDA:90,9,1,4
BRDA:90,10,0,4
BRDA:90,10,1,4
BRF:21
BRH:18
end_of_record
TN:
SF:src\pages\Articles\ArticlesContainer.tsx
FN:17,(anonymous_8)
FN:23,(anonymous_9)
FN:27,(anonymous_10)
FN:27,(anonymous_11)
FN:32,(anonymous_12)
FN:40,(anonymous_13)
FN:43,(anonymous_14)
FN:48,(anonymous_15)
FN:54,(anonymous_16)
FN:66,(anonymous_17)
FN:75,(anonymous_18)
FN:81,(anonymous_19)
FN:89,(anonymous_20)
FNF:13
FNH:7
FNDA:7,(anonymous_8)
FNDA:3,(anonymous_9)
FNDA:3,(anonymous_10)
FNDA:3,(anonymous_11)
FNDA:0,(anonymous_12)
FNDA:0,(anonymous_13)
FNDA:0,(anonymous_14)
FNDA:1,(anonymous_15)
FNDA:0,(anonymous_16)
FNDA:8,(anonymous_17)
FNDA:8,(anonymous_18)
FNDA:0,(anonymous_19)
FNDA:0,(anonymous_20)
DA:1,2
DA:2,2
DA:4,2
DA:5,2
DA:6,2
DA:7,2
DA:8,2
DA:17,2
DA:18,7
DA:19,6
DA:20,6
DA:21,6
DA:23,6
DA:24,3
DA:27,6
DA:28,3
DA:29,3
DA:32,6
DA:33,0
DA:34,0
DA:35,0
DA:37,0
DA:38,0
DA:40,0
DA:41,0
DA:43,0
DA:44,0
DA:48,6
DA:49,1
DA:50,1
DA:51,1
DA:54,6
DA:55,0
DA:56,0
DA:59,6
DA:67,8
DA:76,8
DA:81,0
DA:89,0
DA:100,6
DA:102,3
LF:41
LH:28
BRDA:33,0,0,0
BRDA:35,1,0,0
BRDA:35,1,1,0
BRDA:35,1,2,0
BRDA:40,2,0,0
BRDA:40,2,1,0
BRDA:100,3,0,3
BRF:7
BRH:1
end_of_record
TN:
SF:src\pages\Articles\ArticlesView.tsx
FN:20,(anonymous_1)
FN:33,(anonymous_2)
FNF:2
FNH:2
FNDA:5,(anonymous_1)
FNDA:2,(anonymous_2)
DA:2,3
DA:3,3
DA:4,3
DA:7,3
DA:20,3
DA:30,5
DA:33,2
DA:50,3
LF:8
LH:8
BRF:0
BRH:0
end_of_record
TN:
SF:src\pages\Articles\index.tsx
FNF:0
FNH:0
DA:1,2
DA:3,2
LF:2
LH:2
BRF:0
BRH:0
end_of_record
TN:
SF:src\pages\Files\FilesContainer.tsx
FN:6,(anonymous_1)
FN:9,(anonymous_2)
FN:15,(anonymous_3)
FN:20,(anonymous_4)
FN:21,(anonymous_5)
FN:25,(anonymous_6)
FN:28,(anonymous_7)
FN:29,(anonymous_8)
FN:29,(anonymous_9)
FN:68,(anonymous_10)
FN:80,(anonymous_11)
FNF:11
FNH:0
FNDA:0,(anonymous_1)
FNDA:0,(anonymous_2)
FNDA:0,(anonymous_3)
FNDA:0,(anonymous_4)
FNDA:0,(anonymous_5)
FNDA:0,(anonymous_6)
FNDA:0,(anonymous_7)
FNDA:0,(anonymous_8)
FNDA:0,(anonymous_9)
FNDA:0,(anonymous_10)
FNDA:0,(anonymous_11)
DA:1,1
DA:2,1
DA:3,1
DA:4,1
DA:6,1
DA:7,0
DA:9,0
DA:11,0
DA:12,0
DA:15,0
DA:17,0
DA:20,0
DA:21,0
DA:25,0
DA:28,0
DA:29,0
DA:30,0
DA:33,0
DA:34,0
DA:39,0
DA:69,0
DA:80,0
DA:112,1
LF:23
LH:6
BRDA:11,0,0,0
BRDA:11,0,1,0
BRF:2
BRH:0
end_of_record
TN:
SF:src\pages\Files\index.tsx
FNF:0
FNH:0
DA:1,1
DA:3,1
LF:2
LH:2
BRF:0
BRH:0
end_of_record
TN:
SF:src\pages\Home\HomeContainer.tsx
FN:6,(anonymous_0)
FNF:1
FNH:1
FNDA:1,(anonymous_0)
DA:1,1
DA:4,1
DA:6,1
DA:7,1
LF:4
LH:4
BRF:0
BRH:0
end_of_record
TN:
SF:src\pages\Home\index.tsx
FN:1,(anonymous_0)
FNF:1
FNH:1
FNDA:1,(anonymous_0)
DA:1,2
LF:1
LH:1
BRF:0
BRH:0
end_of_record
TN:
SF:src\pages\Users\UserDialog.tsx
FN:46,(anonymous_14)
FN:50,(anonymous_15)
FN:70,(anonymous_16)
FN:70,(anonymous_17)
FN:125,(anonymous_18)
FN:133,(anonymous_19)
FNF:6
FNH:6
FNDA:13,(anonymous_14)
FNDA:5,(anonymous_15)
FNDA:2,(anonymous_16)
FNDA:2,(anonymous_17)
FNDA:1,(anonymous_18)
FNDA:11,(anonymous_19)
DA:2,4
DA:3,4
DA:14,4
DA:15,4
DA:16,4
DA:17,4
DA:37,4
DA:46,4
DA:47,13
DA:48,13
DA:50,13
DA:59,13
DA:70,13
DA:71,2
DA:72,2
DA:73,2
DA:74,2
DA:75,1
DA:76,1
DA:77,1
DA:78,1
DA:79,0
DA:80,0
DA:81,0
DA:82,1
DA:83,1
DA:84,1
DA:85,1
DA:87,2
DA:88,2
DA:90,0
DA:91,0
DA:95,13
DA:125,1
DA:134,11
DA:217,4
LF:36
LH:31
BRDA:59,0,0,5
BRDA:59,0,1,8
BRDA:71,1,0,0
BRDA:71,1,1,2
BRDA:74,2,0,1
BRDA:74,2,1,1
BRDA:78,3,0,0
BRDA:78,3,1,1
BRDA:78,4,0,1
BRDA:78,4,1,0
BRDA:82,5,0,1
BRDA:82,6,0,1
BRDA:82,6,1,1
BRDA:98,7,0,4
BRDA:98,7,1,9
BRDA:98,8,0,1
BRDA:98,8,1,8
BRDA:100,9,0,13
BRDA:100,9,1,1
BRDA:118,10,0,4
BRDA:118,10,1,9
BRDA:120,11,0,0
BRDA:120,11,1,4
BRDA:120,12,0,4
BRDA:120,12,1,4
BRDA:141,13,0,11
BRDA:141,13,1,2
BRDA:142,14,0,11
BRDA:142,14,1,2
BRDA:151,15,0,11
BRDA:151,15,1,2
BRDA:152,16,0,11
BRDA:152,16,1,2
BRDA:161,17,0,11
BRDA:161,17,1,2
BRDA:162,18,0,11
BRDA:162,18,1,2
BRDA:171,19,0,11
BRDA:171,19,1,2
BRDA:172,20,0,11
BRDA:172,20,1,2
BRDA:182,21,0,11
BRDA:182,21,1,2
BRDA:183,22,0,11
BRDA:183,22,1,2
BRDA:196,23,0,11
BRDA:196,23,1,2
BRDA:197,24,0,11
BRDA:197,24,1,2
BRDA:205,25,0,10
BRDA:205,25,1,1
BRF:51
BRH:47
end_of_record
TN:
SF:src\pages\Users\UsersContainer.tsx
FN:22,(anonymous_14)
FN:29,(anonymous_15)
FN:33,(anonymous_16)
FN:33,(anonymous_17)
FN:38,(anonymous_18)
FN:41,(anonymous_19)
FN:44,(anonymous_20)
FN:47,(anonymous_21)
FN:51,(anonymous_22)
FN:57,(anonymous_23)
FN:74,(anonymous_24)
FN:80,(anonymous_25)
FN:90,(anonymous_26)
FNF:13
FNH:6
FNDA:7,(anonymous_14)
FNDA:3,(anonymous_15)
FNDA:3,(anonymous_16)
FNDA:3,(anonymous_17)
FNDA:0,(anonymous_18)
FNDA:0,(anonymous_19)
FNDA:0,(anonymous_20)
FNDA:0,(anonymous_21)
FNDA:1,(anonymous_22)
FNDA:0,(anonymous_23)
FNDA:8,(anonymous_24)
FNDA:0,(anonymous_25)
FNDA:0,(anonymous_26)
DA:2,2
DA:3,2
DA:5,2
DA:6,2
DA:7,2
DA:9,2
DA:10,2
DA:22,2
DA:23,7
DA:24,6
DA:25,6
DA:26,6
DA:29,6
DA:30,3
DA:33,6
DA:34,3
DA:35,3
DA:38,6
DA:39,0
DA:41,0
DA:42,0
DA:44,0
DA:45,0
DA:47,0
DA:51,6
DA:52,1
DA:53,1
DA:54,1
DA:57,6
DA:58,0
DA:59,0
DA:62,6
DA:75,8
DA:81,0
DA:90,0
DA:101,6
DA:103,3
LF:37
LH:27
BRDA:39,0,0,0
BRDA:39,0,1,0
BRDA:39,0,2,0
BRDA:41,1,0,0
BRDA:41,1,1,0
BRDA:41,2,0,0
BRDA:41,2,1,0
BRDA:44,3,0,0
BRDA:44,4,0,0
BRDA:44,4,1,0
BRDA:47,5,0,0
BRDA:81,6,0,0
BRDA:81,6,1,0
BRDA:101,7,0,3
BRF:14
BRH:1
end_of_record
TN:
SF:src\pages\Users\UsersView.tsx
FN:6,UsersView
FN:19,(anonymous_2)
FN:25,(anonymous_3)
FNF:3
FNH:3
FNDA:5,UsersView
FNDA:2,(anonymous_2)
FNDA:10,(anonymous_3)
DA:1,3
DA:2,3
DA:3,3
DA:4,3
DA:16,5
DA:19,2
DA:25,10
DA:43,3
LF:8
LH:8
BRDA:28,0,0,5
BRDA:28,0,1,5
BRF:2
BRH:2
end_of_record
TN:
SF:src\pages\Users\index.tsx
FN:1,(anonymous_0)
FNF:1
FNH:1
FNDA:4,(anonymous_0)
DA:1,6
LF:1
LH:1
BRF:0
BRH:0
end_of_record
TN:
SF:src\pages\error\NotFound.tsx
FN:5,NotFound
FN:7,(anonymous_1)
FNF:2
FNH:0
FNDA:0,NotFound
FNDA:0,(anonymous_1)
DA:1,1
DA:2,1
DA:3,1
DA:6,0
DA:7,0
DA:9,0
DA:27,1
LF:7
LH:4
BRF:0
BRH:0
end_of_record
TN:
SF:src\pages\error\ServerError.tsx
FN:5,ServerError
FN:7,(anonymous_1)
FNF:2
FNH:0
FNDA:0,ServerError
FNDA:0,(anonymous_1)
DA:1,1
DA:2,1
DA:3,1
DA:6,0
DA:7,0
DA:9,0
DA:31,1
LF:7
LH:4
BRF:0
BRH:0
end_of_record
TN:
SF:src\services\CONSTANT.ts
FNF:0
FNH:0
DA:1,11
DA:4,11
DA:5,11
DA:6,11
DA:7,11
DA:9,11
DA:10,11
DA:11,11
DA:12,11
LF:9
LH:9
BRF:0
BRH:0
end_of_record
TN:
SF:src\services\articlesService.ts
FN:7,(anonymous_1)
FN:8,(anonymous_2)
FN:12,(anonymous_3)
FN:15,(anonymous_4)
FN:26,(anonymous_5)
FN:27,(anonymous_6)
FN:31,(anonymous_7)
FN:34,(anonymous_8)
FN:44,(anonymous_9)
FN:45,(anonymous_10)
FN:52,(anonymous_11)
FN:55,(anonymous_12)
FN:65,(anonymous_13)
FN:66,(anonymous_14)
FN:73,(anonymous_15)
FN:76,(anonymous_16)
FNF:16
FNH:16
FNDA:3,(anonymous_1)
FNDA:3,(anonymous_2)
FNDA:1,(anonymous_3)
FNDA:1,(anonymous_4)
FNDA:3,(anonymous_5)
FNDA:3,(anonymous_6)
FNDA:1,(anonymous_7)
FNDA:1,(anonymous_8)
FNDA:3,(anonymous_9)
FNDA:3,(anonymous_10)
FNDA:1,(anonymous_11)
FNDA:1,(anonymous_12)
FNDA:3,(anonymous_13)
FNDA:3,(anonymous_14)
FNDA:1,(anonymous_15)
FNDA:1,(anonymous_16)
DA:1,5
DA:2,5
DA:3,5
DA:7,5
DA:8,3
DA:9,3
DA:10,3
DA:13,1
DA:16,1
DA:17,1
DA:20,1
DA:21,1
DA:26,5
DA:27,3
DA:28,3
DA:29,3
DA:32,1
DA:35,1
DA:38,1
DA:39,1
DA:44,5
DA:45,3
DA:46,3
DA:47,3
DA:53,1
DA:56,1
DA:59,1
DA:60,1
DA:65,5
DA:66,3
DA:67,3
DA:68,3
DA:74,1
DA:77,1
DA:80,1
DA:81,1
LF:36
LH:36
BRF:0
BRH:0
end_of_record
TN:
SF:src\services\axiosInstance.ts
FN:10,(anonymous_8)
FN:11,(anonymous_9)
FN:11,(anonymous_10)
FNF:3
FNH:0
FNDA:0,(anonymous_8)
FNDA:0,(anonymous_9)
FNDA:0,(anonymous_10)
DA:1,9
DA:2,9
DA:3,9
DA:5,9
DA:9,9
DA:10,0
DA:11,0
DA:13,0
DA:14,0
DA:15,0
DA:18,0
DA:22,9
LF:12
LH:6
BRDA:13,0,0,0
BRDA:13,1,0,0
BRDA:13,1,1,0
BRDA:13,2,0,0
BRDA:13,2,1,0
BRDA:13,3,0,0
BRDA:13,3,1,0
BRDA:13,4,0,0
BRDA:13,4,1,0
BRDA:13,5,0,0
BRDA:13,5,1,0
BRF:11
BRH:0
end_of_record
TN:
SF:src\services\usersService.ts
FN:7,(anonymous_1)
FN:8,(anonymous_2)
FN:12,(anonymous_3)
FN:15,(anonymous_4)
FN:26,(anonymous_5)
FN:27,(anonymous_6)
FN:31,(anonymous_7)
FN:34,(anonymous_8)
FN:44,(anonymous_9)
FN:45,(anonymous_10)
FN:52,(anonymous_11)
FN:55,(anonymous_12)
FN:65,(anonymous_13)
FN:66,(anonymous_14)
FN:73,(anonymous_15)
FN:76,(anonymous_16)
FNF:16
FNH:16
FNDA:3,(anonymous_1)
FNDA:3,(anonymous_2)
FNDA:1,(anonymous_3)
FNDA:1,(anonymous_4)
FNDA:3,(anonymous_5)
FNDA:3,(anonymous_6)
FNDA:1,(anonymous_7)
FNDA:1,(anonymous_8)
FNDA:3,(anonymous_9)
FNDA:3,(anonymous_10)
FNDA:1,(anonymous_11)
FNDA:1,(anonymous_12)
FNDA:3,(anonymous_13)
FNDA:3,(anonymous_14)
FNDA:1,(anonymous_15)
FNDA:1,(anonymous_16)
DA:1,5
DA:2,5
DA:3,5
DA:7,5
DA:8,3
DA:9,3
DA:10,3
DA:13,1
DA:16,1
DA:17,1
DA:20,1
DA:21,1
DA:26,5
DA:27,3
DA:28,3
DA:29,3
DA:32,1
DA:35,1
DA:38,1
DA:39,1
DA:44,5
DA:45,3
DA:46,3
DA:47,3
DA:53,1
DA:56,1
DA:59,1
DA:60,1
DA:65,5
DA:66,3
DA:67,3
DA:68,3
DA:74,1
DA:77,1
DA:80,1
DA:81,1
LF:36
LH:36
BRF:0
BRH:0
end_of_record
